1539570747839	geckodriver	INFO	geckodriver 0.20.1
1539570747857	geckodriver	INFO	Listening on 127.0.0.1:54801
1539570750854	mozrunner::runner	INFO	Running command: "C:\\Program Files (x86)\\Mozilla Firefox\\firefox.exe" "-marionette" "-profile" "C:\\Users\\Asus\\AppData\\Local\\Temp\\rust_mozprofile.V7AkgnxG2f3B"
1539570751926	Marionette	DEBUG	Received observer notification profile-after-change
1539570752065	Marionette	DEBUG	Received observer notification toplevel-window-ready
1539570752095	Marionette	DEBUG	Received observer notification command-line-startup
1539570752095	Marionette	DEBUG	Received observer notification nsPref:changed
1539570752095	Marionette	DEBUG	Init aborted (running=false, enabled=true, finalUIStartup=false)
1539570752226	Marionette	DEBUG	Received observer notification toplevel-window-ready
1539570753612	Marionette	DEBUG	Received observer notification sessionstore-windows-restored
1539570753612	Marionette	DEBUG	GFX sanity window detected, waiting until it has been closed...
1539570753824	Marionette	DEBUG	Received observer notification domwindowclosed
1539570753824	Marionette	DEBUG	Waiting for delayed startup...
1539570753937	Marionette	DEBUG	Setting recommended pref app.update.disabledForTesting to true
1539570753938	Marionette	DEBUG	Setting recommended pref security.turn_off_all_security_so_that_viruses_can_take_over_this_computer to true
1539570753938	Marionette	DEBUG	Setting recommended pref toolkit.cosmeticAnimations.enabled to false
1539570753938	Marionette	DEBUG	Setting recommended pref datareporting.policy.dataSubmissionPolicyAccepted to false
1539570753939	Marionette	DEBUG	Setting recommended pref dom.disable_beforeunload to true
1539570753976	Marionette	INFO	Listening on port 54810
1539570753976	Marionette	DEBUG	Remote service is active
1539570754470	Marionette	DEBUG	Accepted connection 0 from 127.0.0.1:54828
1539570754471	Marionette	TRACE	0 -> [0,1,"newSession",{"acceptInsecureCerts":true,"browserName":"firefox","capabilities":{"desiredCapabilities":{"acceptInsecureCerts":true,"browserName":"firefox"}}}]
1539570754472	Marionette	TRACE	0 <- [1,1,{"error":"unknown command","message":"newSession","stacktrace":"WebDriverError@chrome://marionette/content/error.js:178: ... et@chrome://marionette/content/server.js:245:8\n_onJSONObjectReady/<@chrome://marionette/content/transport.js:490:9\n"},null]
[Parent 20756, Gecko_IOThread] WARNING: pipe error: 109: file z:/build/build/src/ipc/chromium/src/chrome/common/ipc_channel_win.cc, line 346
[Child 21404, Chrome_ChildThread] WARNING: pipe error: 109: file z:/build/build/src/ipc/chromium/src/chrome/common/ipc_channel_win.cc, line 346
[Child 21372, Chrome_ChildThread] WARNING: pipe error: 109: file z:/build/build/src/ipc/chromium/src/chrome/common/ipc_channel_win.cc, line 346
1539570773961	Marionette	DEBUG	Closed connection 0
[Parent 20756, Gecko_IOThread] WARNING: pipe error: 109: file z:/build/build/src/ipc/chromium/src/chrome/common/ipc_channel_win.cc, line 346
[Child 21360, Chrome_ChildThread] WARNING: pipe error: 109: file z:/build/build/src/ipc/chromium/src/chrome/common/ipc_channel_win.cc, line 346
1539570774107	Marionette	DEBUG	Received observer notification xpcom-will-shutdown
1539570774107	Marionette	DEBUG	Resetting recommended pref app.update.disabledForTesting
1539570774107	Marionette	DEBUG	Resetting recommended pref security.turn_off_all_security_so_that_viruses_can_take_over_this_computer
1539570774107	Marionette	DEBUG	Resetting recommended pref toolkit.cosmeticAnimations.enabled
1539570774108	Marionette	DEBUG	Resetting recommended pref datareporting.policy.dataSubmissionPolicyAccepted
1539570774108	Marionette	DEBUG	Resetting recommended pref dom.disable_beforeunload
1539570774108	Marionette	INFO	Stopped listening on port 54810
1539570774108	Marionette	DEBUG	Remote service is inactive
